2019-03-29 20:47:38,162 INFO     

2019-03-29 20:47:38,162 INFO     2019-03-29 20:47:38.162288
2019-03-29 20:48:17,168 INFO     

2019-03-29 20:48:17,168 INFO     2019-03-29 20:48:17.168345
2019-03-29 20:49:28,574 INFO     

2019-03-29 20:49:28,575 INFO     2019-03-29 20:49:28.575141
2019-03-29 20:50:33,565 INFO     

2019-03-29 20:50:33,565 INFO     2019-03-29 20:50:33.565621
2019-03-29 20:52:19,775 INFO     

2019-03-29 20:52:19,775 INFO     2019-03-29 20:52:19.775587
2019-03-29 20:53:23,357 TRACE    Descriptors retrieved from 'http://199.58.81.140:80/tor/server/all' in 63.58s
2019-03-29 20:53:38,459 TRACE    Descriptors retrieved from 'http://66.111.2.131:9030/tor/status-vote/current/consensus' in 13.18s
2019-03-29 20:53:38,864 DEBUG    GETCONF __owningcontrollerprocess (runtime: 0.0002)
2019-03-29 20:53:39,015 DEBUG    Starting new HTTPS connection (1): onionoo.torproject.org:443
2019-03-29 20:53:39,602 DEBUG    https://onionoo.torproject.org:443 "GET /details?search=000A10D43011EA4928A35F610405F92B4433B4DC HTTP/1.1" 200 1325
2019-03-29 20:53:39,607 DEBUG    GETINFO version (runtime: 0.0016)
2019-03-29 20:53:42,332 INFO     000A10D43011EA4928A35F610405F92B4433B4DC => ERROR Circuit failed to be created: TIMEOUT
2019-03-29 20:53:42,336 DEBUG    Starting new HTTPS connection (1): onionoo.torproject.org:443
2019-03-29 20:53:43,041 DEBUG    https://onionoo.torproject.org:443 "GET /details?search=000CFDEC3727B4CB82A48D4EBC493103BF3A934E HTTP/1.1" 200 1238
2019-03-29 20:53:43,557 DEBUG    SETCONF __LeaveStreamsUnattached="1" (runtime: 0.0078)
2019-03-29 20:53:43,631 DEBUG    Starting new HTTPS connection (1): courses.engr.illinois.edu:443
2019-03-29 20:53:45,166 DEBUG    https://courses.engr.illinois.edu:443 "GET /ece428/sp2019/ HTTP/1.1" 200 4354
2019-03-29 20:53:45,174 DEBUG    RESETCONF __LeaveStreamsUnattached (runtime: 0.0047)
2019-03-29 20:53:45,175 INFO     000CFDEC3727B4CB82A48D4EBC493103BF3A934E => 1.6122021675109863 seconds
2019-03-29 20:53:45,177 DEBUG    Starting new HTTPS connection (1): onionoo.torproject.org:443
2019-03-29 20:53:45,760 DEBUG    https://onionoo.torproject.org:443 "GET /details?search=0011BD2485AD45D984EC4159C88FC066E5E3300E HTTP/1.1" 200 1608
2019-03-29 20:53:47,003 DEBUG    SETCONF __LeaveStreamsUnattached="1" (runtime: 0.0049)
2019-03-29 20:53:47,005 DEBUG    Starting new HTTPS connection (1): courses.engr.illinois.edu:443
2019-03-29 20:53:47,171 DEBUG    https://courses.engr.illinois.edu:443 "GET /ece428/sp2019/ HTTP/1.1" 200 4354
2019-03-29 20:53:47,181 DEBUG    RESETCONF __LeaveStreamsUnattached (runtime: 0.0044)
2019-03-29 20:53:47,181 INFO     0011BD2485AD45D984EC4159C88FC066E5E3300E => 0.173170804977417 seconds
2019-03-29 20:53:47,184 DEBUG    Starting new HTTPS connection (1): onionoo.torproject.org:443
2019-03-29 20:53:48,759 DEBUG    https://onionoo.torproject.org:443 "GET /details?search=001524DD403D729F08F7E5D77813EF12756CFA8D HTTP/1.1" 200 1506
2019-03-29 20:53:50,332 INFO     001524DD403D729F08F7E5D77813EF12756CFA8D => ERROR Circuit failed to be created: TIMEOUT
2019-03-29 20:53:50,336 DEBUG    Starting new HTTPS connection (1): onionoo.torproject.org:443
2019-03-29 20:53:54,020 DEBUG    https://onionoo.torproject.org:443 "GET /details?search=00225E1331C91A7E7C191F188E7F8E9266D5EE6B HTTP/1.1" 200 1412
2019-03-29 20:53:55,058 DEBUG    SETCONF __LeaveStreamsUnattached="1" (runtime: 0.0051)
2019-03-29 20:53:55,060 DEBUG    Starting new HTTPS connection (1): courses.engr.illinois.edu:443
2019-03-29 20:53:55,242 DEBUG    https://courses.engr.illinois.edu:443 "GET /ece428/sp2019/ HTTP/1.1" 200 4354
2019-03-29 20:53:55,250 DEBUG    RESETCONF __LeaveStreamsUnattached (runtime: 0.0044)
2019-03-29 20:53:55,250 INFO     00225E1331C91A7E7C191F188E7F8E9266D5EE6B => 0.18742585182189941 seconds
2019-03-29 20:53:55,253 DEBUG    Starting new HTTPS connection (1): onionoo.torproject.org:443
2019-03-29 20:53:55,830 DEBUG    https://onionoo.torproject.org:443 "GET /details?search=003BFA1B6CC5CBEFD5D0082F8FC9AF2A8868A8FB HTTP/1.1" 200 1236
2019-03-29 20:53:56,402 DEBUG    SETCONF __LeaveStreamsUnattached="1" (runtime: 0.0049)
2019-03-29 20:53:56,404 DEBUG    Starting new HTTPS connection (1): courses.engr.illinois.edu:443
2019-03-29 20:53:57,557 DEBUG    https://courses.engr.illinois.edu:443 "GET /ece428/sp2019/ HTTP/1.1" 200 4354
2019-03-29 20:53:57,566 DEBUG    RESETCONF __LeaveStreamsUnattached (runtime: 0.0043)
2019-03-29 20:53:57,566 INFO     003BFA1B6CC5CBEFD5D0082F8FC9AF2A8868A8FB => 1.1591870784759521 seconds
2019-03-29 20:53:57,569 DEBUG    Starting new HTTPS connection (1): onionoo.torproject.org:443
2019-03-29 20:53:58,091 DEBUG    https://onionoo.torproject.org:443 "GET /details?search=003D78825E0B9609EECFF5E4E0529717772E53C7 HTTP/1.1" 200 3819
2019-03-29 20:54:00,331 INFO     003D78825E0B9609EECFF5E4E0529717772E53C7 => ERROR Circuit failed to be created: TIMEOUT
2019-03-29 20:54:00,334 DEBUG    Starting new HTTPS connection (1): onionoo.torproject.org:443
2019-03-29 20:54:00,907 DEBUG    https://onionoo.torproject.org:443 "GET /details?search=0041E0150B0A307506C2863EFC9F2B7E3A523B36 HTTP/1.1" 200 1336
2019-03-29 20:54:01,543 DEBUG    SETCONF __LeaveStreamsUnattached="1" (runtime: 0.0050)
2019-03-29 20:54:01,546 DEBUG    Starting new HTTPS connection (1): courses.engr.illinois.edu:443
2019-03-29 20:54:01,717 DEBUG    https://courses.engr.illinois.edu:443 "GET /ece428/sp2019/ HTTP/1.1" 200 4354
2019-03-29 20:54:01,726 DEBUG    RESETCONF __LeaveStreamsUnattached (runtime: 0.0044)
2019-03-29 20:54:01,726 INFO     0041E0150B0A307506C2863EFC9F2B7E3A523B36 => 0.17742609977722168 seconds
2019-03-29 20:54:01,728 DEBUG    Starting new HTTPS connection (1): onionoo.torproject.org:443
2019-03-29 20:54:02,330 DEBUG    https://onionoo.torproject.org:443 "GET /details?search=0059D92942DB3B84E52EB4D87E9F7B195CF4D005 HTTP/1.1" 200 1232
2019-03-29 20:54:02,860 DEBUG    SETCONF __LeaveStreamsUnattached="1" (runtime: 0.0053)
2019-03-29 20:54:02,863 DEBUG    Starting new HTTPS connection (1): courses.engr.illinois.edu:443
2019-03-29 20:54:03,152 DEBUG    https://courses.engr.illinois.edu:443 "GET /ece428/sp2019/ HTTP/1.1" 200 4354
2019-03-29 20:54:03,161 DEBUG    RESETCONF __LeaveStreamsUnattached (runtime: 0.0044)
2019-03-29 20:54:03,161 INFO     0059D92942DB3B84E52EB4D87E9F7B195CF4D005 => 0.2954890727996826 seconds
2019-03-29 20:54:03,164 DEBUG    Starting new HTTPS connection (1): onionoo.torproject.org:443
2019-03-29 20:54:03,752 DEBUG    https://onionoo.torproject.org:443 "GET /details?search=00727F3A2C1D0F1731A91267C4115079C16B20B4 HTTP/1.1" 200 1228
2019-03-29 20:54:05,332 INFO     00727F3A2C1D0F1731A91267C4115079C16B20B4 => ERROR Circuit failed to be created: TIMEOUT
2019-03-29 20:54:05,335 DEBUG    Starting new HTTPS connection (1): onionoo.torproject.org:443
2019-03-29 20:54:07,481 DEBUG    https://onionoo.torproject.org:443 "GET /details?search=008E7B70C3B4A7520B5BEAB8067ABCDC8E63F1FD HTTP/1.1" 200 1262
2019-03-29 20:54:08,055 DEBUG    SETCONF __LeaveStreamsUnattached="1" (runtime: 0.0045)
2019-03-29 20:54:08,058 DEBUG    Starting new HTTPS connection (1): courses.engr.illinois.edu:443
2019-03-29 20:54:08,583 DEBUG    https://courses.engr.illinois.edu:443 "GET /ece428/sp2019/ HTTP/1.1" 200 4354
2019-03-29 20:54:08,591 DEBUG    RESETCONF __LeaveStreamsUnattached (runtime: 0.0046)
2019-03-29 20:54:08,591 INFO     008E7B70C3B4A7520B5BEAB8067ABCDC8E63F1FD => 0.5301921367645264 seconds
2019-03-29 20:54:08,594 DEBUG    Starting new HTTPS connection (1): onionoo.torproject.org:443
2019-03-29 20:54:09,137 DEBUG    https://onionoo.torproject.org:443 "GET /details?search=0095792CC00758F245795556C957C20A3FF7E1BE HTTP/1.1" 200 1293
2019-03-29 20:54:09,608 DEBUG    SETCONF __LeaveStreamsUnattached="1" (runtime: 0.0049)
2019-03-29 20:54:09,611 DEBUG    Starting new HTTPS connection (1): courses.engr.illinois.edu:443
2019-03-29 20:54:09,762 DEBUG    https://courses.engr.illinois.edu:443 "GET /ece428/sp2019/ HTTP/1.1" 200 4354
2019-03-29 20:54:09,771 DEBUG    RESETCONF __LeaveStreamsUnattached (runtime: 0.0044)
2019-03-29 20:54:09,771 INFO     0095792CC00758F245795556C957C20A3FF7E1BE => 0.1573188304901123 seconds
2019-03-29 20:54:09,774 DEBUG    Starting new HTTPS connection (1): onionoo.torproject.org:443
2019-03-29 20:54:10,343 DEBUG    https://onionoo.torproject.org:443 "GET /details?search=009851DF933754B00DDE876FCE4088CE1B4940C1 HTTP/1.1" 200 1311
2019-03-29 20:54:12,231 INFO     009851DF933754B00DDE876FCE4088CE1B4940C1 => ERROR Circuit failed to be created: TIMEOUT
2019-03-29 20:54:12,234 DEBUG    Starting new HTTPS connection (1): onionoo.torproject.org:443
2019-03-29 20:54:12,761 DEBUG    https://onionoo.torproject.org:443 "GET /details?search=00A8A90B091281D0A05830981F3CF8E7780B7736 HTTP/1.1" 200 1270
2019-03-29 20:54:13,650 DEBUG    SETCONF __LeaveStreamsUnattached="1" (runtime: 0.0049)
2019-03-29 20:54:13,652 DEBUG    Starting new HTTPS connection (1): courses.engr.illinois.edu:443
2019-03-29 20:54:13,873 DEBUG    https://courses.engr.illinois.edu:443 "GET /ece428/sp2019/ HTTP/1.1" 200 4354
2019-03-29 20:54:13,881 DEBUG    RESETCONF __LeaveStreamsUnattached (runtime: 0.0044)
2019-03-29 20:54:13,882 INFO     00A8A90B091281D0A05830981F3CF8E7780B7736 => 0.22631502151489258 seconds
2019-03-29 20:54:13,884 DEBUG    Starting new HTTPS connection (1): onionoo.torproject.org:443
2019-03-29 20:54:14,481 DEBUG    https://onionoo.torproject.org:443 "GET /details?search=00B22A39464D8A0F6879B83F8E5AA8E2830F740C HTTP/1.1" 200 1366
2019-03-29 20:54:15,061 DEBUG    SETCONF __LeaveStreamsUnattached="1" (runtime: 0.0051)
2019-03-29 20:54:15,063 DEBUG    Starting new HTTPS connection (1): courses.engr.illinois.edu:443
2019-03-29 20:54:15,199 DEBUG    https://courses.engr.illinois.edu:443 "GET /ece428/sp2019/ HTTP/1.1" 200 4354
2019-03-29 20:54:15,208 DEBUG    RESETCONF __LeaveStreamsUnattached (runtime: 0.0044)
2019-03-29 20:54:15,208 INFO     00B22A39464D8A0F6879B83F8E5AA8E2830F740C => 0.14175105094909668 seconds
2019-03-29 20:54:15,210 DEBUG    Starting new HTTPS connection (1): onionoo.torproject.org:443
2019-03-29 20:54:15,763 DEBUG    https://onionoo.torproject.org:443 "GET /details?search=00B3C9FB79E36905A517A489B058246759ABFBC8 HTTP/1.1" 200 1197
2019-03-29 20:54:16,668 DEBUG    SETCONF __LeaveStreamsUnattached="1" (runtime: 0.0051)
2019-03-29 20:54:16,671 DEBUG    Starting new HTTPS connection (1): courses.engr.illinois.edu:443
2019-03-29 20:54:16,819 DEBUG    https://courses.engr.illinois.edu:443 "GET /ece428/sp2019/ HTTP/1.1" 200 4354
2019-03-29 20:54:16,827 DEBUG    RESETCONF __LeaveStreamsUnattached (runtime: 0.0044)
2019-03-29 20:54:16,828 INFO     00B3C9FB79E36905A517A489B058246759ABFBC8 => 0.1541299819946289 seconds
2019-03-29 20:54:16,830 DEBUG    Starting new HTTPS connection (1): onionoo.torproject.org:443
2019-03-29 20:54:17,377 DEBUG    https://onionoo.torproject.org:443 "GET /details?search=00C3169068950B9085E5EFFB0BC306F72B5CB5DF HTTP/1.1" 200 1222
2019-03-29 20:54:19,332 INFO     00C3169068950B9085E5EFFB0BC306F72B5CB5DF => ERROR Circuit failed to be created: TIMEOUT
2019-03-29 20:54:19,336 DEBUG    Starting new HTTPS connection (1): onionoo.torproject.org:443
2019-03-29 20:54:19,878 DEBUG    https://onionoo.torproject.org:443 "GET /details?search=00CCE6A84E6D63A1A42E105839BC8ED5D4B16669 HTTP/1.1" 200 1231
2019-03-29 20:54:20,827 DEBUG    SETCONF __LeaveStreamsUnattached="1" (runtime: 0.0049)
2019-03-29 20:54:20,830 DEBUG    Starting new HTTPS connection (1): courses.engr.illinois.edu:443
2019-03-29 20:54:20,960 DEBUG    https://courses.engr.illinois.edu:443 "GET /ece428/sp2019/ HTTP/1.1" 200 4354
2019-03-29 20:54:20,968 DEBUG    RESETCONF __LeaveStreamsUnattached (runtime: 0.0044)
2019-03-29 20:54:20,969 INFO     00CCE6A84E6D63A1A42E105839BC8ED5D4B16669 => 0.13627314567565918 seconds
2019-03-29 20:54:20,971 DEBUG    Starting new HTTPS connection (1): onionoo.torproject.org:443
2019-03-29 20:54:22,773 DEBUG    https://onionoo.torproject.org:443 "GET /details?search=00D2269DBC1A39D137160789C7B614197DB30C70 HTTP/1.1" 200 1170
2019-03-29 20:54:23,386 DEBUG    SETCONF __LeaveStreamsUnattached="1" (runtime: 0.0043)
2019-03-29 20:54:23,391 DEBUG    Starting new HTTPS connection (1): courses.engr.illinois.edu:443
2019-03-29 20:54:23,530 DEBUG    https://courses.engr.illinois.edu:443 "GET /ece428/sp2019/ HTTP/1.1" 200 4354
2019-03-29 20:54:23,539 DEBUG    RESETCONF __LeaveStreamsUnattached (runtime: 0.0044)
2019-03-29 20:54:23,539 INFO     00D2269DBC1A39D137160789C7B614197DB30C70 => 0.14522218704223633 seconds
2019-03-29 20:54:23,541 DEBUG    Starting new HTTPS connection (1): onionoo.torproject.org:443
2019-03-29 20:54:24,728 DEBUG    https://onionoo.torproject.org:443 "GET /details?search=00E1649E69FF91D7F01E74A5E62EF14F7D9915E4 HTTP/1.1" 200 1354
2019-03-29 20:54:25,231 DEBUG    SETCONF __LeaveStreamsUnattached="1" (runtime: 0.0050)
2019-03-29 20:54:25,234 DEBUG    Starting new HTTPS connection (1): courses.engr.illinois.edu:443
2019-03-29 20:54:25,485 DEBUG    https://courses.engr.illinois.edu:443 "GET /ece428/sp2019/ HTTP/1.1" 200 4354
2019-03-29 20:54:25,493 DEBUG    RESETCONF __LeaveStreamsUnattached (runtime: 0.0044)
2019-03-29 20:54:25,494 INFO     00E1649E69FF91D7F01E74A5E62EF14F7D9915E4 => 0.2570371627807617 seconds
2019-03-29 20:54:25,496 DEBUG    Starting new HTTPS connection (1): onionoo.torproject.org:443
2019-03-29 20:54:26,059 DEBUG    https://onionoo.torproject.org:443 "GET /details?search=00FBC7DB26E4581C5D7B18C7F9DA0058A11C5203 HTTP/1.1" 200 1248
2019-03-29 20:54:26,890 DEBUG    SETCONF __LeaveStreamsUnattached="1" (runtime: 0.0051)
2019-03-29 20:54:26,892 DEBUG    Starting new HTTPS connection (1): courses.engr.illinois.edu:443
2019-03-29 20:54:28,017 DEBUG    https://courses.engr.illinois.edu:443 "GET /ece428/sp2019/ HTTP/1.1" 200 4354
2019-03-29 20:54:28,026 DEBUG    RESETCONF __LeaveStreamsUnattached (runtime: 0.0045)
2019-03-29 20:54:28,026 INFO     00FBC7DB26E4581C5D7B18C7F9DA0058A11C5203 => 1.1312308311462402 seconds
2019-03-29 20:54:28,029 DEBUG    Starting new HTTPS connection (1): onionoo.torproject.org:443
2019-03-29 20:54:28,601 DEBUG    https://onionoo.torproject.org:443 "GET /details?search=0111BA9B604669E636FFD5B503F382A4B7AD6E80 HTTP/1.1" 200 1566
2019-03-29 20:54:29,449 DEBUG    SETCONF __LeaveStreamsUnattached="1" (runtime: 0.0049)
2019-03-29 20:54:29,452 DEBUG    Starting new HTTPS connection (1): courses.engr.illinois.edu:443
2019-03-29 20:54:29,587 DEBUG    https://courses.engr.illinois.edu:443 "GET /ece428/sp2019/ HTTP/1.1" 200 4354
2019-03-29 20:54:29,595 DEBUG    RESETCONF __LeaveStreamsUnattached (runtime: 0.0044)
2019-03-29 20:54:29,596 INFO     0111BA9B604669E636FFD5B503F382A4B7AD6E80 => 0.14074993133544922 seconds
2019-03-29 20:54:29,598 DEBUG    Starting new HTTPS connection (1): onionoo.torproject.org:443
2019-03-29 20:54:30,131 DEBUG    https://onionoo.torproject.org:443 "GET /details?search=0115B13CEFB21F74940E5A95C30D8EFCC39ED8F4 HTTP/1.1" 200 1249
2019-03-29 20:54:30,966 DEBUG    SETCONF __LeaveStreamsUnattached="1" (runtime: 0.0051)
2019-03-29 20:54:30,968 DEBUG    Starting new HTTPS connection (1): courses.engr.illinois.edu:443
2019-03-29 20:54:31,155 DEBUG    https://courses.engr.illinois.edu:443 "GET /ece428/sp2019/ HTTP/1.1" 200 4354
2019-03-29 20:54:31,164 DEBUG    RESETCONF __LeaveStreamsUnattached (runtime: 0.0044)
2019-03-29 20:54:31,164 INFO     0115B13CEFB21F74940E5A95C30D8EFCC39ED8F4 => 0.19334888458251953 seconds
2019-03-29 20:54:31,167 DEBUG    Starting new HTTPS connection (1): onionoo.torproject.org:443
2019-03-29 20:54:32,896 DEBUG    https://onionoo.torproject.org:443 "GET /details?search=01181B31BE5860C7D66DA88F88AD522C06470FD9 HTTP/1.1" 200 1179
2019-03-29 20:54:33,888 DEBUG    SETCONF __LeaveStreamsUnattached="1" (runtime: 0.0051)
2019-03-29 20:54:33,891 DEBUG    Starting new HTTPS connection (1): courses.engr.illinois.edu:443
2019-03-29 20:54:34,053 DEBUG    https://courses.engr.illinois.edu:443 "GET /ece428/sp2019/ HTTP/1.1" 200 4354
2019-03-29 20:54:34,061 DEBUG    RESETCONF __LeaveStreamsUnattached (runtime: 0.0043)
2019-03-29 20:54:34,062 INFO     01181B31BE5860C7D66DA88F88AD522C06470FD9 => 0.16825127601623535 seconds
2019-03-29 20:54:34,064 DEBUG    Starting new HTTPS connection (1): onionoo.torproject.org:443
2019-03-29 20:54:34,629 DEBUG    https://onionoo.torproject.org:443 "GET /details?search=0128115EC4CC35785E005F0BF2FEDF7ECDC4F03B HTTP/1.1" 200 1373
2019-03-29 20:54:35,286 DEBUG    SETCONF __LeaveStreamsUnattached="1" (runtime: 0.0050)
2019-03-29 20:54:35,289 DEBUG    Starting new HTTPS connection (1): courses.engr.illinois.edu:443
2019-03-29 20:54:35,910 DEBUG    https://courses.engr.illinois.edu:443 "GET /ece428/sp2019/ HTTP/1.1" 200 4354
2019-03-29 20:54:35,918 DEBUG    RESETCONF __LeaveStreamsUnattached (runtime: 0.0044)
2019-03-29 20:54:35,919 INFO     0128115EC4CC35785E005F0BF2FEDF7ECDC4F03B => 0.6273150444030762 seconds
2019-03-29 20:54:35,921 DEBUG    Starting new HTTPS connection (1): onionoo.torproject.org:443
2019-03-29 20:54:36,482 DEBUG    https://onionoo.torproject.org:443 "GET /details?search=0147AF2E776C3C2035BD2DA937CB56A9D747E1F1 HTTP/1.1" 200 1287
2019-03-29 20:54:37,060 DEBUG    SETCONF __LeaveStreamsUnattached="1" (runtime: 0.0048)
2019-03-29 20:54:37,063 DEBUG    Starting new HTTPS connection (1): courses.engr.illinois.edu:443
2019-03-29 20:54:37,195 DEBUG    https://courses.engr.illinois.edu:443 "GET /ece428/sp2019/ HTTP/1.1" 200 4354
2019-03-29 20:54:37,203 DEBUG    RESETCONF __LeaveStreamsUnattached (runtime: 0.0044)
2019-03-29 20:54:37,204 INFO     0147AF2E776C3C2035BD2DA937CB56A9D747E1F1 => 0.13794159889221191 seconds
2019-03-29 20:54:37,206 DEBUG    Starting new HTTPS connection (1): onionoo.torproject.org:443
2019-03-29 20:54:37,791 DEBUG    https://onionoo.torproject.org:443 "GET /details?search=014E24C0CD21D2B9829E841D5EC1D3C415F866BF HTTP/1.1" 200 1404
2019-03-29 20:54:39,332 INFO     014E24C0CD21D2B9829E841D5EC1D3C415F866BF => ERROR Circuit failed to be created: TIMEOUT
2019-03-29 20:54:39,336 DEBUG    Starting new HTTPS connection (1): onionoo.torproject.org:443
2019-03-29 20:54:40,172 DEBUG    https://onionoo.torproject.org:443 "GET /details?search=014EE24BCBDA160F236B2547A4639B27E303A1E7 HTTP/1.1" 200 1369
2019-03-29 20:54:41,695 INFO     014EE24BCBDA160F236B2547A4639B27E303A1E7 => ERROR Circuit failed to be created: TIMEOUT
2019-03-29 20:54:41,698 DEBUG    Starting new HTTPS connection (1): onionoo.torproject.org:443
2019-03-29 20:54:42,240 DEBUG    https://onionoo.torproject.org:443 "GET /details?search=01518C0417843E9709B15B3B004BC834CDE67A92 HTTP/1.1" 200 1109
2019-03-29 20:54:44,332 INFO     01518C0417843E9709B15B3B004BC834CDE67A92 => ERROR Circuit failed to be created: TIMEOUT
2019-03-29 20:54:44,335 DEBUG    Starting new HTTPS connection (1): onionoo.torproject.org:443
2019-03-29 20:54:44,940 DEBUG    https://onionoo.torproject.org:443 "GET /details?search=016093EE4BAE9AF473FC0C811A9D10FDAA9CA34B HTTP/1.1" 200 1289
2019-03-29 20:54:45,474 DEBUG    SETCONF __LeaveStreamsUnattached="1" (runtime: 0.0051)
2019-03-29 20:54:45,476 DEBUG    Starting new HTTPS connection (1): courses.engr.illinois.edu:443
2019-03-29 20:54:45,648 DEBUG    https://courses.engr.illinois.edu:443 "GET /ece428/sp2019/ HTTP/1.1" 200 4354
2019-03-29 20:54:45,657 DEBUG    RESETCONF __LeaveStreamsUnattached (runtime: 0.0044)
2019-03-29 20:54:45,657 INFO     016093EE4BAE9AF473FC0C811A9D10FDAA9CA34B => 0.17809414863586426 seconds
2019-03-29 20:54:45,659 DEBUG    Starting new HTTPS connection (1): onionoo.torproject.org:443
2019-03-29 20:54:46,236 DEBUG    https://onionoo.torproject.org:443 "GET /details?search=01664D41A81F817A3E71400D6BFD40947AA40AFB HTTP/1.1" 200 1281
2019-03-29 20:54:47,472 DEBUG    SETCONF __LeaveStreamsUnattached="1" (runtime: 0.0050)
2019-03-29 20:54:47,474 DEBUG    Starting new HTTPS connection (1): courses.engr.illinois.edu:443
2019-03-29 20:54:49,313 DEBUG    https://courses.engr.illinois.edu:443 "GET /ece428/sp2019/ HTTP/1.1" 200 4354
2019-03-29 20:54:49,321 DEBUG    RESETCONF __LeaveStreamsUnattached (runtime: 0.0044)
2019-03-29 20:54:49,322 INFO     01664D41A81F817A3E71400D6BFD40947AA40AFB => 1.844475269317627 seconds
2019-03-29 20:54:49,324 DEBUG    GETINFO circuit-status (runtime: 0.0024)
2019-03-29 20:54:49,328 DEBUG    GETINFO circuit-status (runtime: 0.0006)
2019-03-29 20:54:49,332 DEBUG    GETINFO ns/id/FD0623B63888265657F8661D27FE60461234625B (runtime: 0.0004)
2019-03-29 20:54:49,332 DEBUG    GETINFO ns/id/A9B5F04F073DE48CA5216C3343775DAE38CBD150 (runtime: 0.0003)
2019-03-29 20:54:49,333 DEBUG    GETINFO ns/id/0FB2EDAB99D10A2B708370E625323C76EB895FA2 (runtime: 0.0003)
2019-03-29 20:54:49,334 DEBUG    GETINFO ns/id/5CECC5C30ACC4B3DE462792323967087CC53D947 (runtime: 0.0003)
2019-03-29 20:54:49,334 DEBUG    GETINFO ns/id/0011BD2485AD45D984EC4159C88FC066E5E3300E (runtime: 0.0003)
2019-03-29 20:54:49,335 DEBUG    GETINFO ns/id/BC630CBBB518BE7E9F4E09712AB0269E9DC7D626 (runtime: 0.0003)
2019-03-29 20:54:49,335 DEBUG    GETINFO ns/id/5CECC5C30ACC4B3DE462792323967087CC53D947 (runtime: 0.0003)
2019-03-29 20:54:49,336 DEBUG    GETINFO ns/id/00225E1331C91A7E7C191F188E7F8E9266D5EE6B (runtime: 0.0003)
2019-03-29 20:54:49,336 DEBUG    GETINFO ns/id/BC630CBBB518BE7E9F4E09712AB0269E9DC7D626 (runtime: 0.0003)
2019-03-29 20:54:49,337 DEBUG    GETINFO ns/id/5CECC5C30ACC4B3DE462792323967087CC53D947 (runtime: 0.0004)
2019-03-29 20:54:49,338 DEBUG    GETINFO ns/id/003BFA1B6CC5CBEFD5D0082F8FC9AF2A8868A8FB (runtime: 0.0004)
2019-03-29 20:54:49,338 DEBUG    GETINFO ns/id/BC630CBBB518BE7E9F4E09712AB0269E9DC7D626 (runtime: 0.0003)
2019-03-29 20:54:49,339 DEBUG    GETINFO ns/id/5CECC5C30ACC4B3DE462792323967087CC53D947 (runtime: 0.0003)
2019-03-29 20:54:49,339 DEBUG    GETINFO ns/id/0041E0150B0A307506C2863EFC9F2B7E3A523B36 (runtime: 0.0003)
2019-03-29 20:54:49,340 DEBUG    GETINFO ns/id/BC630CBBB518BE7E9F4E09712AB0269E9DC7D626 (runtime: 0.0003)
2019-03-29 20:54:49,341 DEBUG    GETINFO ns/id/5CECC5C30ACC4B3DE462792323967087CC53D947 (runtime: 0.0003)
2019-03-29 20:54:49,341 DEBUG    GETINFO ns/id/0059D92942DB3B84E52EB4D87E9F7B195CF4D005 (runtime: 0.0006)
2019-03-29 20:54:49,342 DEBUG    GETINFO ns/id/BC630CBBB518BE7E9F4E09712AB0269E9DC7D626 (runtime: 0.0004)
2019-03-29 20:54:49,343 DEBUG    GETINFO ns/id/5CECC5C30ACC4B3DE462792323967087CC53D947 (runtime: 0.0003)
2019-03-29 20:54:49,343 DEBUG    GETINFO ns/id/008E7B70C3B4A7520B5BEAB8067ABCDC8E63F1FD (runtime: 0.0003)
2019-03-29 20:54:49,344 DEBUG    GETINFO ns/id/BC630CBBB518BE7E9F4E09712AB0269E9DC7D626 (runtime: 0.0003)
2019-03-29 20:54:49,344 DEBUG    GETINFO ns/id/5CECC5C30ACC4B3DE462792323967087CC53D947 (runtime: 0.0003)
2019-03-29 20:54:49,345 DEBUG    GETINFO ns/id/0095792CC00758F245795556C957C20A3FF7E1BE (runtime: 0.0003)
2019-03-29 20:54:49,346 DEBUG    GETINFO ns/id/BC630CBBB518BE7E9F4E09712AB0269E9DC7D626 (runtime: 0.0003)
2019-03-29 20:54:49,346 DEBUG    GETINFO ns/id/FD0623B63888265657F8661D27FE60461234625B (runtime: 0.0004)
2019-03-29 20:54:49,347 DEBUG    GETINFO ns/id/73A9297A6741DF33F4D1B7BB935B30B6A1D25B52 (runtime: 0.0003)
2019-03-29 20:54:49,347 DEBUG    GETINFO ns/id/855BAA11303B6278C2582C02BAA249EA1AA82C85 (runtime: 0.0003)
2019-03-29 20:54:49,348 DEBUG    GETINFO ns/id/5CECC5C30ACC4B3DE462792323967087CC53D947 (runtime: 0.0003)
2019-03-29 20:54:49,349 DEBUG    GETINFO ns/id/00A8A90B091281D0A05830981F3CF8E7780B7736 (runtime: 0.0004)
2019-03-29 20:54:49,349 DEBUG    GETINFO ns/id/BC630CBBB518BE7E9F4E09712AB0269E9DC7D626 (runtime: 0.0004)
2019-03-29 20:54:49,350 DEBUG    GETINFO ns/id/5CECC5C30ACC4B3DE462792323967087CC53D947 (runtime: 0.0004)
2019-03-29 20:54:49,350 DEBUG    GETINFO ns/id/00B22A39464D8A0F6879B83F8E5AA8E2830F740C (runtime: 0.0003)
2019-03-29 20:54:49,351 DEBUG    GETINFO ns/id/BC630CBBB518BE7E9F4E09712AB0269E9DC7D626 (runtime: 0.0003)
2019-03-29 20:54:49,352 DEBUG    GETINFO ns/id/5CECC5C30ACC4B3DE462792323967087CC53D947 (runtime: 0.0003)
2019-03-29 20:54:49,352 DEBUG    GETINFO ns/id/00B3C9FB79E36905A517A489B058246759ABFBC8 (runtime: 0.0003)
2019-03-29 20:54:49,353 DEBUG    GETINFO ns/id/BC630CBBB518BE7E9F4E09712AB0269E9DC7D626 (runtime: 0.0003)
2019-03-29 20:54:49,353 DEBUG    GETINFO ns/id/5CECC5C30ACC4B3DE462792323967087CC53D947 (runtime: 0.0003)
2019-03-29 20:54:49,354 DEBUG    GETINFO ns/id/00CCE6A84E6D63A1A42E105839BC8ED5D4B16669 (runtime: 0.0003)
2019-03-29 20:54:49,354 DEBUG    GETINFO ns/id/BC630CBBB518BE7E9F4E09712AB0269E9DC7D626 (runtime: 0.0003)
2019-03-29 20:54:49,355 DEBUG    GETINFO ns/id/5CECC5C30ACC4B3DE462792323967087CC53D947 (runtime: 0.0003)
2019-03-29 20:54:49,356 DEBUG    GETINFO ns/id/00D2269DBC1A39D137160789C7B614197DB30C70 (runtime: 0.0003)
2019-03-29 20:54:49,356 DEBUG    GETINFO ns/id/BC630CBBB518BE7E9F4E09712AB0269E9DC7D626 (runtime: 0.0003)
2019-03-29 20:54:49,357 DEBUG    GETINFO ns/id/5CECC5C30ACC4B3DE462792323967087CC53D947 (runtime: 0.0003)
2019-03-29 20:54:49,357 DEBUG    GETINFO ns/id/00E1649E69FF91D7F01E74A5E62EF14F7D9915E4 (runtime: 0.0003)
2019-03-29 20:54:49,358 DEBUG    GETINFO ns/id/BC630CBBB518BE7E9F4E09712AB0269E9DC7D626 (runtime: 0.0003)
2019-03-29 20:54:49,358 DEBUG    GETINFO ns/id/5CECC5C30ACC4B3DE462792323967087CC53D947 (runtime: 0.0003)
2019-03-29 20:54:49,359 DEBUG    GETINFO ns/id/00FBC7DB26E4581C5D7B18C7F9DA0058A11C5203 (runtime: 0.0003)
2019-03-29 20:54:49,360 DEBUG    GETINFO ns/id/BC630CBBB518BE7E9F4E09712AB0269E9DC7D626 (runtime: 0.0003)
2019-03-29 20:54:49,360 DEBUG    GETINFO ns/id/5CECC5C30ACC4B3DE462792323967087CC53D947 (runtime: 0.0003)
2019-03-29 20:54:49,361 DEBUG    GETINFO ns/id/0111BA9B604669E636FFD5B503F382A4B7AD6E80 (runtime: 0.0003)
2019-03-29 20:54:49,361 DEBUG    GETINFO ns/id/BC630CBBB518BE7E9F4E09712AB0269E9DC7D626 (runtime: 0.0003)
2019-03-29 20:54:49,362 DEBUG    GETINFO ns/id/5CECC5C30ACC4B3DE462792323967087CC53D947 (runtime: 0.0004)
2019-03-29 20:54:49,363 DEBUG    GETINFO ns/id/0115B13CEFB21F74940E5A95C30D8EFCC39ED8F4 (runtime: 0.0004)
2019-03-29 20:54:49,363 DEBUG    GETINFO ns/id/BC630CBBB518BE7E9F4E09712AB0269E9DC7D626 (runtime: 0.0003)
2019-03-29 20:54:49,364 DEBUG    GETINFO ns/id/5CECC5C30ACC4B3DE462792323967087CC53D947 (runtime: 0.0004)
2019-03-29 20:54:49,364 DEBUG    GETINFO ns/id/01181B31BE5860C7D66DA88F88AD522C06470FD9 (runtime: 0.0004)
2019-03-29 20:54:49,365 DEBUG    GETINFO ns/id/BC630CBBB518BE7E9F4E09712AB0269E9DC7D626 (runtime: 0.0003)
2019-03-29 20:54:49,366 DEBUG    GETINFO ns/id/5CECC5C30ACC4B3DE462792323967087CC53D947 (runtime: 0.0004)
2019-03-29 20:54:49,366 DEBUG    GETINFO ns/id/0128115EC4CC35785E005F0BF2FEDF7ECDC4F03B (runtime: 0.0004)
2019-03-29 20:54:49,367 DEBUG    GETINFO ns/id/BC630CBBB518BE7E9F4E09712AB0269E9DC7D626 (runtime: 0.0003)
2019-03-29 20:54:49,367 DEBUG    GETINFO ns/id/5CECC5C30ACC4B3DE462792323967087CC53D947 (runtime: 0.0003)
2019-03-29 20:54:49,368 DEBUG    GETINFO ns/id/0147AF2E776C3C2035BD2DA937CB56A9D747E1F1 (runtime: 0.0003)
2019-03-29 20:54:49,369 DEBUG    GETINFO ns/id/BC630CBBB518BE7E9F4E09712AB0269E9DC7D626 (runtime: 0.0004)
2019-03-29 20:54:49,369 DEBUG    GETINFO ns/id/5CECC5C30ACC4B3DE462792323967087CC53D947 (runtime: 0.0003)
2019-03-29 20:54:49,370 DEBUG    GETINFO ns/id/016093EE4BAE9AF473FC0C811A9D10FDAA9CA34B (runtime: 0.0003)
2019-03-29 20:54:49,370 DEBUG    GETINFO ns/id/BC630CBBB518BE7E9F4E09712AB0269E9DC7D626 (runtime: 0.0003)
2019-03-29 20:54:49,371 DEBUG    GETINFO ns/id/5CECC5C30ACC4B3DE462792323967087CC53D947 (runtime: 0.0003)
2019-03-29 20:54:49,372 DEBUG    GETINFO ns/id/01664D41A81F817A3E71400D6BFD40947AA40AFB (runtime: 0.0003)
2019-03-29 20:54:49,372 DEBUG    GETINFO ns/id/BC630CBBB518BE7E9F4E09712AB0269E9DC7D626 (runtime: 0.0003)
2019-03-29 20:54:49,373 DEBUG    GETINFO ns/id/FD0623B63888265657F8661D27FE60461234625B (runtime: 0.0003)
2019-03-29 20:54:49,373 DEBUG    GETINFO ns/id/D05F41CB78A00311D8EC4ABB4E951582E8298D0C (runtime: 0.0003)
2019-03-29 20:54:49,374 DEBUG    GETINFO ns/id/EE88A2D07CEE982AE0F2B82F7599D857262A880C (runtime: 0.0003)
2019-03-29 20:54:49,374 DEBUG    GETINFO ns/id/FD0623B63888265657F8661D27FE60461234625B (runtime: 0.0003)
2019-03-29 20:54:49,375 DEBUG    GETINFO ns/id/CB6B6BA245101851E988EDFE2FD3465CF06F9C29 (runtime: 0.0003)
2019-03-29 20:54:49,376 DEBUG    GETINFO ns/id/1B91B86B67317A63636FE38ABE6C4E701A2B1A99 (runtime: 0.0004)
2019-03-29 20:54:49,376 DEBUG    GETINFO ns/id/FD0623B63888265657F8661D27FE60461234625B (runtime: 0.0003)
2019-03-29 20:54:49,377 DEBUG    GETINFO ns/id/134DED8B9FC5EEFD61AEF65659CF4AF0AA7FBCB5 (runtime: 0.0003)
2019-03-29 20:54:49,377 DEBUG    GETINFO ns/id/874D84382C892F3F61CC9E106BF08843DE0B865A (runtime: 0.0003)
2019-03-29 20:54:49,378 DEBUG    GETINFO ns/id/5CECC5C30ACC4B3DE462792323967087CC53D947 (runtime: 0.0004)
2019-03-29 20:54:49,378 DEBUG    GETINFO ns/id/000CFDEC3727B4CB82A48D4EBC493103BF3A934E (runtime: 0.0003)
2019-03-29 20:54:49,379 DEBUG    GETINFO ns/id/BC630CBBB518BE7E9F4E09712AB0269E9DC7D626 (runtime: 0.0003)
2019-03-29 20:54:49,379 INFO     Error while receiving a control message (SocketClosed): received exception "read of closed file"
2019-03-29 20:54:49,420 DEBUG    update_title_pos
2019-03-29 20:54:49,428 DEBUG    findfont: Matching :family=sans-serif:style=normal:variant=normal:weight=normal:stretch=normal:size=10.0 to DejaVu Sans ('/Library/Frameworks/Python.framework/Versions/3.7/lib/python3.7/site-packages/matplotlib/mpl-data/fonts/ttf/DejaVuSans.ttf') with score of 0.050000.
2019-03-29 20:54:49,516 DEBUG    update_title_pos
